#
# There is insufficient memory for the Java Runtime Environment to continue.
# Native memory allocation (mmap) failed to map 260046848 bytes for G1 virtual space
# Possible reasons:
#   The system is out of physical RAM or swap space
#   The process is running with CompressedOops enabled, and the Java Heap may be blocking the growth of the native heap
# Possible solutions:
#   Reduce memory load on the system
#   Increase physical memory or swap space
#   Check if swap backing store is full
#   Decrease Java heap size (-Xmx/-Xms)
#   Decrease number of Java threads
#   Decrease Java thread stack sizes (-Xss)
#   Set larger code cache with -XX:ReservedCodeCacheSize=
#   JVM is running with Zero Based Compressed Oops mode in which the Java heap is
#     placed in the first 32GB address space. The Java Heap base address is the
#     maximum limit for the native heap growth. Please use -XX:HeapBaseMinAddress
#     to set the Java Heap base and to place the Java Heap above 32GB virtual address.
# This output file may be truncated or incomplete.
#
#  Out of Memory Error (os_windows.cpp:3550), pid=22216, tid=20456
#
# JRE version:  (17.0.8+9) (build )
# Java VM: Java HotSpot(TM) 64-Bit Server VM (17.0.8+9-LTS-211, mixed mode, sharing, tiered, compressed oops, compressed class ptrs, g1 gc, windows-amd64)
# No core dump will be written. Minidumps are not enabled by default on client versions of Windows
#

---------------  S U M M A R Y ------------

Command Line: 

Host: AMD Ryzen 7 5700G with Radeon Graphics         , 16 cores, 15G,  Windows 11 , 64 bit Build 22621 (10.0.22621.2506)
Time: Tue Dec 26 14:36:39 2023  Windows 11 , 64 bit Build 22621 (10.0.22621.2506) elapsed time: 0.010172 seconds (0d 0h 0m 0s)

---------------  T H R E A D  ---------------

Current thread (0x000002e7bcc607f0):  JavaThread "Unknown thread" [_thread_in_vm, id=20456, stack(0x000000fcfa100000,0x000000fcfa200000)]

Stack: [0x000000fcfa100000,0x000000fcfa200000]
Native frames: (J=compiled Java code, j=interpreted, Vv=VM code, C=native code)
V  [jvm.dll+0x677d0a]
V  [jvm.dll+0x7d8c54]
V  [jvm.dll+0x7da3fe]
V  [jvm.dll+0x7daa63]
V  [jvm.dll+0x245c5f]
V  [jvm.dll+0x674bb9]
V  [jvm.dll+0x6694f2]
V  [jvm.dll+0x3031d6]
V  [jvm.dll+0x30a756]
V  [jvm.dll+0x359f9e]
V  [jvm.dll+0x35a1cf]
V  [jvm.dll+0x2da3e8]
V  [jvm.dll+0x2db354]
V  [jvm.dll+0x7aa711]
V  [jvm.dll+0x367b51]
V  [jvm.dll+0x789979]
V  [jvm.dll+0x3eb05f]
V  [jvm.dll+0x3ecae1]
C  [jli.dll+0x5297]
C  [ucrtbase.dll+0x29363]
C  [KERNEL32.DLL+0x1257d]
C  [ntdll.dll+0x5aa58]


---------------  P R O C E S S  ---------------

Threads class SMR info:
_java_thread_list=0x00007ff87dec59d8, length=0, elements={
}

Java Threads: ( => current thread )

Other Threads:
  0x000002e7bccc8490 GCTaskThread "GC Thread#0" [stack: 0x000000fcfa200000,0x000000fcfa300000] [id=18572]
  0x000002e7bccd8a20 ConcurrentGCThread "G1 Main Marker" [stack: 0x000000fcfa300000,0x000000fcfa400000] [id=22932]
  0x000002e7bccdbae0 ConcurrentGCThread "G1 Conc#0" [stack: 0x000000fcfa400000,0x000000fcfa500000] [id=460]

[error occurred during error reporting (printing all threads), id 0xc0000005, EXCEPTION_ACCESS_VIOLATION (0xc0000005) at pc=0x00007ff87d6fb047]

VM state: not at safepoint (not fully initialized)

VM Mutex/Monitor currently owned by a thread:  ([mutex/lock_event])
[0x000002e7bcc5f900] Heap_lock - owner thread: 0x000002e7bcc607f0

Heap address: 0x0000000709a00000, size: 3942 MB, Compressed Oops mode: Zero based, Oop shift amount: 3

CDS archive(s) mapped at: [0x0000000000000000-0x0000000000000000-0x0000000000000000), size 0, SharedBaseAddress: 0x0000000800000000, ArchiveRelocationMode: 1.
Narrow klass base: 0x0000000000000000, Narrow klass shift: 0, Narrow klass range: 0x0

GC Precious Log:
<Empty>

Heap:
 garbage-first heap   total 0K, used 0K [0x0000000709a00000, 0x0000000800000000)
  region size 2048K, 0 young (0K), 0 survivors (0K)

[error occurred during error reporting (printing heap information), id 0xc0000005, EXCEPTION_ACCESS_VIOLATION (0xc0000005) at pc=0x00007ff87dae1499]

GC Heap History (0 events):
No events

Deoptimization events (0 events):
No events

Classes unloaded (0 events):
No events

Classes redefined (0 events):
No events

Internal exceptions (0 events):
No events

VM Operations (0 events):
No events

Events (1 events):
Event: 0.006 Loaded shared library D:\java sdk\jdk-17.0.8\bin\java.dll


Dynamic libraries:
0x00007ff7b9890000 - 0x00007ff7b98a0000 	D:\java sdk\jdk-17.0.8\bin\java.exe
0x00007ff921c10000 - 0x00007ff921e27000 	C:\Windows\SYSTEM32\ntdll.dll
0x00007ff920960000 - 0x00007ff920a24000 	C:\Windows\System32\KERNEL32.DLL
0x00007ff91f0a0000 - 0x00007ff91f446000 	C:\Windows\System32\KERNELBASE.dll
0x00007ff91f840000 - 0x00007ff91f951000 	C:\Windows\System32\ucrtbase.dll
0x00007ff910a00000 - 0x00007ff910a19000 	D:\java sdk\jdk-17.0.8\bin\jli.dll
0x00007ff9109e0000 - 0x00007ff9109fb000 	D:\java sdk\jdk-17.0.8\bin\VCRUNTIME140.dll
0x00007ff9204b0000 - 0x00007ff920561000 	C:\Windows\System32\ADVAPI32.dll
0x00007ff91f960000 - 0x00007ff91fa07000 	C:\Windows\System32\msvcrt.dll
0x00007ff91fc00000 - 0x00007ff91fca5000 	C:\Windows\System32\sechost.dll
0x00007ff920c60000 - 0x00007ff920d77000 	C:\Windows\System32\RPCRT4.dll
0x00007ff920dd0000 - 0x00007ff920f7e000 	C:\Windows\System32\USER32.dll
0x00007ff91f640000 - 0x00007ff91f666000 	C:\Windows\System32\win32u.dll
0x00007ff920da0000 - 0x00007ff920dc9000 	C:\Windows\System32\GDI32.dll
0x00007ff904f70000 - 0x00007ff905203000 	C:\Windows\WinSxS\amd64_microsoft.windows.common-controls_6595b64144ccf1df_6.0.22621.2506_none_270c5ae97388e100\COMCTL32.dll
0x00007ff91ef80000 - 0x00007ff91f098000 	C:\Windows\System32\gdi32full.dll
0x00007ff91f7a0000 - 0x00007ff91f83a000 	C:\Windows\System32\msvcp_win.dll
0x00007ff917050000 - 0x00007ff91705a000 	C:\Windows\SYSTEM32\VERSION.dll
0x00007ff91fcd0000 - 0x00007ff91fd01000 	C:\Windows\System32\IMM32.DLL
0x00007ff900510000 - 0x00007ff90051c000 	D:\java sdk\jdk-17.0.8\bin\vcruntime140_1.dll
0x00007ff8b34f0000 - 0x00007ff8b357e000 	D:\java sdk\jdk-17.0.8\bin\msvcp140.dll
0x00007ff87d410000 - 0x00007ff87dfee000 	D:\java sdk\jdk-17.0.8\bin\server\jvm.dll
0x00007ff9218e0000 - 0x00007ff9218e8000 	C:\Windows\System32\PSAPI.DLL
0x00007ff915ce0000 - 0x00007ff915d14000 	C:\Windows\SYSTEM32\WINMM.dll
0x00007ff91c210000 - 0x00007ff91c219000 	C:\Windows\SYSTEM32\WSOCK32.dll
0x00007ff920ff0000 - 0x00007ff921061000 	C:\Windows\System32\WS2_32.dll
0x00007ff91df60000 - 0x00007ff91df78000 	C:\Windows\SYSTEM32\kernel.appcore.dll
0x00007ff8ffc10000 - 0x00007ff8ffc1a000 	D:\java sdk\jdk-17.0.8\bin\jimage.dll
0x00007ff9180d0000 - 0x00007ff918303000 	C:\Windows\SYSTEM32\DBGHELP.DLL
0x00007ff9205d0000 - 0x00007ff920959000 	C:\Windows\System32\combase.dll
0x00007ff91fb20000 - 0x00007ff91fbf7000 	C:\Windows\System32\OLEAUT32.dll
0x00007ff909d00000 - 0x00007ff909d32000 	C:\Windows\SYSTEM32\dbgcore.DLL
0x00007ff91f5c0000 - 0x00007ff91f63a000 	C:\Windows\System32\bcryptPrimitives.dll
0x00007ff8e4650000 - 0x00007ff8e4675000 	D:\java sdk\jdk-17.0.8\bin\java.dll

dbghelp: loaded successfully - version: 4.0.5 - missing functions: none
symbol engine: initialized successfully - sym options: 0x614 - pdb path: .;D:\java sdk\jdk-17.0.8\bin;C:\Windows\SYSTEM32;C:\Windows\WinSxS\amd64_microsoft.windows.common-controls_6595b64144ccf1df_6.0.22621.2506_none_270c5ae97388e100;D:\java sdk\jdk-17.0.8\bin\server

VM Arguments:
java_command: <unknown>
java_class_path (initial): <not set>
Launcher Type: SUN_STANDARD

[Global flags]
     intx CICompilerCount                          = 12                                        {product} {ergonomic}
     uint ConcGCThreads                            = 3                                         {product} {ergonomic}
     uint G1ConcRefinementThreads                  = 13                                        {product} {ergonomic}
   size_t G1HeapRegionSize                         = 2097152                                   {product} {ergonomic}
    uintx GCDrainStackTargetSize                   = 64                                        {product} {ergonomic}
   size_t InitialHeapSize                          = 260046848                                 {product} {ergonomic}
   size_t MarkStackSize                            = 4194304                                   {product} {ergonomic}
   size_t MaxHeapSize                              = 4133486592                                {product} {ergonomic}
   size_t MinHeapDeltaBytes                        = 2097152                                   {product} {ergonomic}
   size_t MinHeapSize                              = 8388608                                   {product} {ergonomic}
    uintx NonNMethodCodeHeapSize                   = 7602480                                {pd product} {ergonomic}
    uintx NonProfiledCodeHeapSize                  = 122027880                              {pd product} {ergonomic}
    uintx ProfiledCodeHeapSize                     = 122027880                              {pd product} {ergonomic}
    uintx ReservedCodeCacheSize                    = 251658240                              {pd product} {ergonomic}
     bool SegmentedCodeCache                       = true                                      {product} {ergonomic}
   size_t SoftMaxHeapSize                          = 4133486592                             {manageable} {ergonomic}
     bool UseCompressedClassPointers               = true                           {product lp64_product} {ergonomic}
     bool UseCompressedOops                        = true                           {product lp64_product} {ergonomic}
     bool UseG1GC                                  = true                                      {product} {ergonomic}
     bool UseLargePagesIndividualAllocation        = false                                  {pd product} {ergonomic}

Logging:
Log output configuration:
 #0: stdout all=warning uptime,level,tags
 #1: stderr all=off uptime,level,tags

Environment Variables:
PATH=C:\Users\Admin\Desktop\open-im-sdk-reactnative\example\node_modules\.bin;C:\Users\Admin\Desktop\open-im-sdk-reactnative\example\node_modules\.bin;C:\Users\Admin\Desktop\open-im-sdk-reactnative\node_modules\.bin;C:\Users\Admin\Desktop\node_modules\.bin;C:\Users\Admin\node_modules\.bin;C:\Users\node_modules\.bin;C:\node_modules\.bin;C:\Program Files\nodejs\node_modules\npm\node_modules\@npmcli\run-script\lib\node-gyp-bin;C:\Users\Admin\Desktop\open-im-sdk-reactnative\example\node_modules\.bin;C:\Users\Admin\Desktop\open-im-sdk-reactnative\node_modules\.bin;C:\Users\Admin\Desktop\node_modules\.bin;C:\Users\Admin\node_modules\.bin;C:\Users\node_modules\.bin;C:\node_modules\.bin;C:\Program Files\nodejs\node_modules\npm\node_modules\@npmcli\run-script\lib\node-gyp-bin;D:\software\vmware\bin\;C:\Windows\system32 w10zj.com;C:\Windows;C:\Windows\System32\Wbem;C:\Windows\System32\WindowsPowerShell\v1.0\;D:\go sdk\bin;D:\java sdk\jdk-17.0.8\bin;D:\MySQL\MySQL\bin;D:\go sdk\bin;C:\Windows\System32;C:\windows\System32;D:\software\Git\cmd;D:\software\Git\bin;C:\Program Files\nodejs\;C:\Program Files (x86)\NetSarang\Xshell 7\;C:\Users\Admin\AppData\Local\Programs\Python\Launcher\;C:\Users\Admin\AppData\Local\Microsoft\WindowsApps;D:\software\GoLand 2023.2\bin;;C:\Users\Admin\go\bin;C:\Program Files\RedPanda-Cpp\MinGW64\bin;D:\software\Git\bin;D:\software\GoLand 2023.2\bin;C:\Program Files (x86)\Tencent\QQGameTempest\Hall.57938\;C:\Users\Admin\AppData\Local\Programs\Microsoft VS Code\bin;C:\Users\Admin\AppData\Roaming\npm;C:\Users\Admin\AppData\Local\GitHubDesktop\bin;
USERNAME=Admin
OS=Windows_NT
PROCESSOR_IDENTIFIER=AMD64 Family 25 Model 80 Stepping 0, AuthenticAMD



---------------  S Y S T E M  ---------------

OS:
 Windows 11 , 64 bit Build 22621 (10.0.22621.2506)
OS uptime: 0 days 5:11 hours

CPU: total 16 (initial active 16) (16 cores per cpu, 2 threads per core) family 25 model 80 stepping 0 microcode 0x0, cx8, cmov, fxsr, ht, mmx, 3dnowpref, sse, sse2, sse3, ssse3, sse4a, sse4.1, sse4.2, popcnt, lzcnt, tsc, tscinvbit, avx, avx2, aes, erms, clmul, bmi1, bmi2, adx, sha, fma, vzeroupper, clflush, clflushopt

Memory: 4k page, system-wide physical 15763M (471M free)
TotalPageFile size 23940M (AvailPageFile size 74M)
current process WorkingSet (physical memory assigned to process): 11M, peak: 11M
current process commit charge ("private bytes"): 70M, peak: 318M

vm_info: Java HotSpot(TM) 64-Bit Server VM (17.0.8+9-LTS-211) for windows-amd64 JRE (17.0.8+9-LTS-211), built on Jun 14 2023 10:34:31 by "mach5one" with MS VC++ 17.1 (VS2022)

END.
